<?xml version="1.0" encoding="UTF-8"?>
<!-- Generated by org.testng.reporters.JUnitReportReporter -->
<testsuite hostname="HP" failures="0" tests="1" name="com.vitiger.contacts.tcases.CreateContactWithoutLastNameTc1Test" time="14.630" errors="0" timestamp="2022-05-18T17:32:54 IST" skipped="0">
  <testcase classname="com.vitiger.contacts.tcases.CreateContactWithoutLastNameTc1Test" name="createContactWithoutLastNameTc1Test" time="14.630"/>
  <system-out/>
</testsuite> <!-- com.vitiger.contacts.tcases.CreateContactWithoutLastNameTc1Test -->
