<?xml version="1.0" encoding="UTF-8"?>
<!-- Generated by org.testng.reporters.JUnitReportReporter -->
<testsuite hostname="HP" failures="0" tests="1" name="com.vitiger.contacts.tcases.DeleteCreateTc14Test" time="12.355" errors="0" timestamp="2022-05-19T10:08:26 IST" skipped="0">
  <testcase classname="com.vitiger.contacts.tcases.DeleteCreateTc14Test" name="deleteCreateTc14Test" time="12.355"/>
  <system-out/>
</testsuite> <!-- com.vitiger.contacts.tcases.DeleteCreateTc14Test -->
