<?xml version="1.0" encoding="UTF-8"?>
<!-- Generated by org.testng.reporters.JUnitReportReporter -->
<testsuite hostname="HP" failures="0" tests="3" name="com.vtiger.practice.TestngPractice1Test" time="0.282" errors="0" timestamp="2022-05-24T11:01:26 IST" skipped="0">
  <testcase classname="com.vtiger.practice.TestngPractice1Test" name="practice" time="0.258"/>
  <system-out>
    <![CDATA[Hi]]>
  </system-out>
  <testcase classname="com.vtiger.practice.TestngPractice1Test" name="practice1" time="0.014"/>
  <system-out/>
  <testcase classname="com.vtiger.practice.TestngPractice1Test" name="practice2" time="0.010"/>
  <system-out/>
</testsuite> <!-- com.vtiger.practice.TestngPractice1Test -->
