<?xml version="1.0" encoding="UTF-8"?>
<!-- Generated by org.testng.reporters.JUnitReportReporter -->
<testsuite hostname="HP" failures="0" tests="3" name="com.vtiger.practice.PriorityParameterTest" time="0.020" errors="0" timestamp="2022-05-17T14:56:03 IST" skipped="0">
  <testcase classname="com.vtiger.practice.PriorityParameterTest" name="practiceTest2" time="0.015"/>
  <system-out>
    <![CDATA[Hello]]>
  </system-out>
  <testcase classname="com.vtiger.practice.PriorityParameterTest" name="practiceTest3" time="0.003"/>
  <system-out>
    <![CDATA[Hello word]]>
  </system-out>
  <testcase classname="com.vtiger.practice.PriorityParameterTest" name="practiceTest1" time="0.002"/>
  <system-out>
    <![CDATA[HI]]>
  </system-out>
</testsuite> <!-- com.vtiger.practice.PriorityParameterTest -->
