<?xml version="1.0" encoding="UTF-8"?>
<!-- Generated by org.testng.reporters.JUnitReportReporter -->
<testsuite hostname="HP" failures="0" tests="3" name="com.vtiger.practice.InvocationParameterTest" time="0.022" errors="0" timestamp="2022-05-17T14:57:45 IST" skipped="0">
  <testcase classname="com.vtiger.practice.InvocationParameterTest" name="practiceTest1" time="0.004"/>
  <system-out>
    <![CDATA[HI]]>
  </system-out>
  <testcase classname="com.vtiger.practice.InvocationParameterTest" name="practiceTest2" time="0.002"/>
  <system-out>
    <![CDATA[Hello]]>
  </system-out>
  <testcase classname="com.vtiger.practice.InvocationParameterTest" name="practiceTest1" time="0.016"/>
  <system-out>
    <![CDATA[HI]]>
  </system-out>
</testsuite> <!-- com.vtiger.practice.InvocationParameterTest -->
