<?xml version="1.0" encoding="UTF-8"?>
<!-- Generated by org.testng.reporters.JUnitReportReporter -->
<testsuite hostname="HP" failures="0" tests="1" name="com.vtiger.practice.TestNgBasicConfigarationPracticeTest" time="0.011" errors="0" timestamp="2022-05-17T11:29:04 IST" skipped="0">
  <testcase classname="com.vtiger.practice.TestNgBasicConfigarationPracticeTest" name="practice" time="0.011"/>
  <system-out/>
</testsuite> <!-- com.vtiger.practice.TestNgBasicConfigarationPracticeTest -->
