<?xml version="1.0" encoding="UTF-8"?>
<!-- Generated by org.testng.reporters.JUnitReportReporter -->
<testsuite hostname="HP" failures="0" tests="1" name="com.vitiger.contacts.tcases.CreateOrganizationWithIndustryAndTypeTc2Test" time="18.046" errors="0" timestamp="2022-05-18T13:04:38 IST" skipped="0">
  <testcase classname="com.vitiger.contacts.tcases.CreateOrganizationWithIndustryAndTypeTc2Test" name="createOrganizationWithIndustryAndTypeTest" time="18.046"/>
  <system-out>
    <![CDATA[TYSS_98 created along with Education and Press]]>
  </system-out>
</testsuite> <!-- com.vitiger.contacts.tcases.CreateOrganizationWithIndustryAndTypeTc2Test -->
