<?xml version="1.0" encoding="UTF-8"?>
<!-- Generated by org.testng.reporters.JUnitReportReporter -->
<testsuite hostname="HP" failures="0" tests="1" name="com.vtiger.organizationTest.CreateOrganizationTest" time="23.826" errors="0" timestamp="2022-05-26T17:35:41 IST" skipped="0">
  <testcase classname="com.vtiger.organizationTest.CreateOrganizationTest" name="createOrganizationTest" time="23.826"/>
  <system-out>
    <![CDATA[TYSS_629 created]]>
  </system-out>
</testsuite> <!-- com.vtiger.organizationTest.CreateOrganizationTest -->
