<?xml version="1.0" encoding="UTF-8"?>
<!-- Generated by org.testng.reporters.JUnitReportReporter -->
<testsuite hostname="HP" failures="0" tests="11" name="com.vtiger.practice.DataProviderAnnotationTest" time="0.067" errors="0" timestamp="2022-05-20T10:26:43 IST" skipped="0">
  <testcase classname="com.vtiger.practice.DataProviderAnnotationTest" name="practiceTest" time="0.010"/>
  <system-out>
    <![CDATA[username6         password6]]>
  </system-out>
  <testcase classname="com.vtiger.practice.DataProviderAnnotationTest" name="practiceTest" time="0.004"/>
  <system-out>
    <![CDATA[username5         password5]]>
  </system-out>
  <testcase classname="com.vtiger.practice.DataProviderAnnotationTest" name="practiceTest" time="0.008"/>
  <system-out>
    <![CDATA[username8         password8]]>
  </system-out>
  <testcase classname="com.vtiger.practice.DataProviderAnnotationTest" name="practiceTest" time="0.009"/>
  <system-out>
    <![CDATA[username1         password1]]>
  </system-out>
  <testcase classname="com.vtiger.practice.DataProviderAnnotationTest" name="practiceTest" time="0.004"/>
  <system-out>
    <![CDATA[username10         password10]]>
  </system-out>
  <testcase classname="com.vtiger.practice.DataProviderAnnotationTest" name="practiceTest" time="0.004"/>
  <system-out>
    <![CDATA[username11         password11]]>
  </system-out>
  <testcase classname="com.vtiger.practice.DataProviderAnnotationTest" name="practiceTest" time="0.003"/>
  <system-out>
    <![CDATA[username9         password9]]>
  </system-out>
  <testcase classname="com.vtiger.practice.DataProviderAnnotationTest" name="practiceTest" time="0.009"/>
  <system-out>
    <![CDATA[username4         password4]]>
  </system-out>
  <testcase classname="com.vtiger.practice.DataProviderAnnotationTest" name="practiceTest" time="0.007"/>
  <system-out>
    <![CDATA[username3         password3]]>
  </system-out>
  <testcase classname="com.vtiger.practice.DataProviderAnnotationTest" name="practiceTest" time="0.005"/>
  <system-out>
    <![CDATA[username7         password7]]>
  </system-out>
  <testcase classname="com.vtiger.practice.DataProviderAnnotationTest" name="practiceTest" time="0.004"/>
  <system-out>
    <![CDATA[username2         password2]]>
  </system-out>
</testsuite> <!-- com.vtiger.practice.DataProviderAnnotationTest -->
