<?xml version="1.0" encoding="UTF-8"?>
<!-- Generated by org.testng.reporters.JUnitReportReporter -->
<testsuite hostname="HP" failures="0" tests="1" name="com.vitiger.contacts.tcases.CreateContactWithImportContactTc5Test" time="20.149" errors="0" timestamp="2022-05-18T13:04:38 IST" skipped="0">
  <testcase classname="com.vitiger.contacts.tcases.CreateContactWithImportContactTc5Test" name="createContactWithImportContactTc5Test" time="20.149"/>
  <system-out/>
</testsuite> <!-- com.vitiger.contacts.tcases.CreateContactWithImportContactTc5Test -->
