<?xml version="1.0" encoding="UTF-8"?>
<!-- Generated by org.testng.reporters.JUnitReportReporter -->
<testsuite hostname="HP" failures="0" tests="2" name="com.vtiger.campaignsTest.CreateCampaignTest" time="61.252" errors="0" timestamp="2022-05-25T09:59:09 IST" skipped="0">
  <testcase classname="com.vtiger.campaignsTest.CreateCampaignTest" name="createCampaignTest" time="30.035"/>
  <system-out>
    <![CDATA[Cam_357created]]>
  </system-out>
  <testcase classname="com.vtiger.campaignsTest.CreateCampaignTest" name="createCampaignTest" time="31.217"/>
  <system-out>
    <![CDATA[Cam_864created]]>
  </system-out>
</testsuite> <!-- com.vtiger.campaignsTest.CreateCampaignTest -->
