<?xml version="1.0" encoding="UTF-8"?>
<!-- Generated by org.testng.reporters.JUnitReportReporter -->
<testsuite hostname="HP" failures="0" tests="2" name="com.vtiger.organizationTest.CreateOrganizationWithIndustryAndTypeTest" time="60.971" errors="0" timestamp="2022-05-25T09:59:09 IST" skipped="0">
  <testcase classname="com.vtiger.organizationTest.CreateOrganizationWithIndustryAndTypeTest" name="createOrganizationWithIndustryAndTypeTest" time="31.430"/>
  <system-out>
    <![CDATA[TYSS_590 created along with Education and Press]]>
  </system-out>
  <testcase classname="com.vtiger.organizationTest.CreateOrganizationWithIndustryAndTypeTest" name="createOrganizationWithIndustryAndTypeTest" time="29.541"/>
  <system-out>
    <![CDATA[TYSS_604 created along with Education and Press]]>
  </system-out>
</testsuite> <!-- com.vtiger.organizationTest.CreateOrganizationWithIndustryAndTypeTest -->
