<?xml version="1.0" encoding="UTF-8"?>
<!-- Generated by org.testng.reporters.JUnitReportReporter -->
<testsuite hostname="HP" failures="0" tests="2" name="com.vtiger.productsTest.CreateProductlTest" time="87.870" errors="0" timestamp="2022-05-25T09:59:09 IST" skipped="0">
  <testcase classname="com.vtiger.productsTest.CreateProductlTest" name="createProductlTest" time="44.311"/>
  <system-out>
    <![CDATA[Pro 914 created]]>
  </system-out>
  <testcase classname="com.vtiger.productsTest.CreateProductlTest" name="createProductlTest" time="43.559"/>
  <system-out>
    <![CDATA[Pro 873 created]]>
  </system-out>
</testsuite> <!-- com.vtiger.productsTest.CreateProductlTest -->
