<?xml version="1.0" encoding="UTF-8"?>
<!-- Generated by org.testng.reporters.JUnitReportReporter -->
<testsuite skipped="0" hostname="HP" name="com.vtiger.productsTest.CreateProductlTest" tests="1" failures="0" timestamp="27 May 2022 04:42:23 GMT" time="17.488" errors="0">
  <testcase name="createProductlTest" time="17.488" classname="com.vtiger.productsTest.CreateProductlTest"/>
</testsuite> <!-- com.vtiger.productsTest.CreateProductlTest -->
