<?xml version="1.0" encoding="UTF-8"?>
<!-- Generated by org.testng.reporters.JUnitReportReporter -->
<testsuite skipped="0" hostname="HP" name="com.vtiger.practice.InvocationParameterTest" tests="3" failures="0" timestamp="26 May 2022 11:18:10 GMT" time="0.015" errors="0">
  <testcase name="practiceTest2" time="0.005" classname="com.vtiger.practice.InvocationParameterTest"/>
  <testcase name="practiceTest1" time="0.005" classname="com.vtiger.practice.InvocationParameterTest"/>
  <testcase name="practiceTest1" time="0.005" classname="com.vtiger.practice.InvocationParameterTest"/>
</testsuite> <!-- com.vtiger.practice.InvocationParameterTest -->
