<?xml version="1.0" encoding="UTF-8"?>
<!-- Generated by org.testng.reporters.JUnitReportReporter -->
<testsuite skipped="0" hostname="HP" name="com.vtiger.documentsTest.CreateDocumentTest" tests="1" failures="0" timestamp="31 May 2022 04:38:39 GMT" time="63.641" errors="0">
  <testcase name="createDocumentTest" time="63.641" classname="com.vtiger.documentsTest.CreateDocumentTest"/>
</testsuite> <!-- com.vtiger.documentsTest.CreateDocumentTest -->
