<?xml version="1.0" encoding="UTF-8"?>
<!-- Generated by org.testng.reporters.JUnitReportReporter -->
<testsuite skipped="0" hostname="HP" name="com.vtiger.contactTest.CreateContactTest" tests="1" failures="0" timestamp="26 May 2022 11:37:21 GMT" time="20.624" errors="0">
  <testcase name="createContactTest" time="20.624" classname="com.vtiger.contactTest.CreateContactTest"/>
</testsuite> <!-- com.vtiger.contactTest.CreateContactTest -->
