<?xml version="1.0" encoding="UTF-8"?>
<!-- Generated by org.testng.reporters.JUnitReportReporter -->
<testsuite skipped="0" hostname="HP" name="com.vtiger.practice.PriorityParameterTest" tests="3" failures="0" timestamp="26 May 2022 11:18:10 GMT" time="0.008" errors="0">
  <testcase name="practiceTest2" time="0.004" classname="com.vtiger.practice.PriorityParameterTest"/>
  <testcase name="practiceTest3" time="0.003" classname="com.vtiger.practice.PriorityParameterTest"/>
  <testcase name="practiceTest1" time="0.001" classname="com.vtiger.practice.PriorityParameterTest"/>
</testsuite> <!-- com.vtiger.practice.PriorityParameterTest -->
