<?xml version="1.0" encoding="UTF-8"?>
<!-- Generated by org.testng.reporters.JUnitReportReporter -->
<testsuite skipped="0" hostname="HP" name="com.vtiger.practice.DataProviderAnnotationTest" tests="11" failures="0" timestamp="26 May 2022 11:18:10 GMT" time="0.090" errors="0">
  <testcase name="practiceTest" time="0.006" classname="com.vtiger.practice.DataProviderAnnotationTest"/>
  <testcase name="practiceTest" time="0.007" classname="com.vtiger.practice.DataProviderAnnotationTest"/>
  <testcase name="practiceTest" time="0.018" classname="com.vtiger.practice.DataProviderAnnotationTest"/>
  <testcase name="practiceTest" time="0.005" classname="com.vtiger.practice.DataProviderAnnotationTest"/>
  <testcase name="practiceTest" time="0.005" classname="com.vtiger.practice.DataProviderAnnotationTest"/>
  <testcase name="practiceTest" time="0.005" classname="com.vtiger.practice.DataProviderAnnotationTest"/>
  <testcase name="practiceTest" time="0.024" classname="com.vtiger.practice.DataProviderAnnotationTest"/>
  <testcase name="practiceTest" time="0.005" classname="com.vtiger.practice.DataProviderAnnotationTest"/>
  <testcase name="practiceTest" time="0.004" classname="com.vtiger.practice.DataProviderAnnotationTest"/>
  <testcase name="practiceTest" time="0.006" classname="com.vtiger.practice.DataProviderAnnotationTest"/>
  <testcase name="practiceTest" time="0.005" classname="com.vtiger.practice.DataProviderAnnotationTest"/>
</testsuite> <!-- com.vtiger.practice.DataProviderAnnotationTest -->
